running egg_info
creating build/arcros2/arcros2.egg-info
writing build/arcros2/arcros2.egg-info/PKG-INFO
writing dependency_links to build/arcros2/arcros2.egg-info/dependency_links.txt
writing entry points to build/arcros2/arcros2.egg-info/entry_points.txt
writing requirements to build/arcros2/arcros2.egg-info/requires.txt
writing top-level names to build/arcros2/arcros2.egg-info/top_level.txt
writing manifest file 'build/arcros2/arcros2.egg-info/SOURCES.txt'
reading manifest file 'build/arcros2/arcros2.egg-info/SOURCES.txt'
writing manifest file 'build/arcros2/arcros2.egg-info/SOURCES.txt'
running build
running build_py
creating /workspaces/ros2_ws/src/arcros2/build/arcros2/build
creating /workspaces/ros2_ws/src/arcros2/build/arcros2/build/lib
creating /workspaces/ros2_ws/src/arcros2/build/arcros2/build/lib/arcros2
copying arcros2/IiwaTeleopNode.py -> /workspaces/ros2_ws/src/arcros2/build/arcros2/build/lib/arcros2
copying arcros2/LinAxisArcNode.py -> /workspaces/ros2_ws/src/arcros2/build/arcros2/build/lib/arcros2
copying arcros2/iiwajoco.py -> /workspaces/ros2_ws/src/arcros2/build/arcros2/build/lib/arcros2
copying arcros2/__init__.py -> /workspaces/ros2_ws/src/arcros2/build/arcros2/build/lib/arcros2
copying arcros2/hello.py -> /workspaces/ros2_ws/src/arcros2/build/arcros2/build/lib/arcros2
copying arcros2/listener.py -> /workspaces/ros2_ws/src/arcros2/build/arcros2/build/lib/arcros2
copying arcros2/IiwaArcNode.py -> /workspaces/ros2_ws/src/arcros2/build/arcros2/build/lib/arcros2
running install
running install_lib
creating /workspaces/ros2_ws/src/arcros2/install/arcros2/lib/python3.10/site-packages/arcros2
copying /workspaces/ros2_ws/src/arcros2/build/arcros2/build/lib/arcros2/IiwaTeleopNode.py -> /workspaces/ros2_ws/src/arcros2/install/arcros2/lib/python3.10/site-packages/arcros2
copying /workspaces/ros2_ws/src/arcros2/build/arcros2/build/lib/arcros2/LinAxisArcNode.py -> /workspaces/ros2_ws/src/arcros2/install/arcros2/lib/python3.10/site-packages/arcros2
copying /workspaces/ros2_ws/src/arcros2/build/arcros2/build/lib/arcros2/iiwajoco.py -> /workspaces/ros2_ws/src/arcros2/install/arcros2/lib/python3.10/site-packages/arcros2
copying /workspaces/ros2_ws/src/arcros2/build/arcros2/build/lib/arcros2/__init__.py -> /workspaces/ros2_ws/src/arcros2/install/arcros2/lib/python3.10/site-packages/arcros2
copying /workspaces/ros2_ws/src/arcros2/build/arcros2/build/lib/arcros2/hello.py -> /workspaces/ros2_ws/src/arcros2/install/arcros2/lib/python3.10/site-packages/arcros2
copying /workspaces/ros2_ws/src/arcros2/build/arcros2/build/lib/arcros2/listener.py -> /workspaces/ros2_ws/src/arcros2/install/arcros2/lib/python3.10/site-packages/arcros2
copying /workspaces/ros2_ws/src/arcros2/build/arcros2/build/lib/arcros2/IiwaArcNode.py -> /workspaces/ros2_ws/src/arcros2/install/arcros2/lib/python3.10/site-packages/arcros2
byte-compiling /workspaces/ros2_ws/src/arcros2/install/arcros2/lib/python3.10/site-packages/arcros2/IiwaTeleopNode.py to IiwaTeleopNode.cpython-310.pyc
byte-compiling /workspaces/ros2_ws/src/arcros2/install/arcros2/lib/python3.10/site-packages/arcros2/LinAxisArcNode.py to LinAxisArcNode.cpython-310.pyc
byte-compiling /workspaces/ros2_ws/src/arcros2/install/arcros2/lib/python3.10/site-packages/arcros2/iiwajoco.py to iiwajoco.cpython-310.pyc
byte-compiling /workspaces/ros2_ws/src/arcros2/install/arcros2/lib/python3.10/site-packages/arcros2/__init__.py to __init__.cpython-310.pyc
byte-compiling /workspaces/ros2_ws/src/arcros2/install/arcros2/lib/python3.10/site-packages/arcros2/hello.py to hello.cpython-310.pyc
byte-compiling /workspaces/ros2_ws/src/arcros2/install/arcros2/lib/python3.10/site-packages/arcros2/listener.py to listener.cpython-310.pyc
byte-compiling /workspaces/ros2_ws/src/arcros2/install/arcros2/lib/python3.10/site-packages/arcros2/IiwaArcNode.py to IiwaArcNode.cpython-310.pyc
running install_data
creating /workspaces/ros2_ws/src/arcros2/install/arcros2/share/ament_index
creating /workspaces/ros2_ws/src/arcros2/install/arcros2/share/ament_index/resource_index
creating /workspaces/ros2_ws/src/arcros2/install/arcros2/share/ament_index/resource_index/packages
copying resource/arcros2 -> /workspaces/ros2_ws/src/arcros2/install/arcros2/share/ament_index/resource_index/packages
copying package.xml -> /workspaces/ros2_ws/src/arcros2/install/arcros2/share/arcros2
creating /workspaces/ros2_ws/src/arcros2/install/arcros2/share/arcros2/assets
copying assets/mj_shelf.xml -> /workspaces/ros2_ws/src/arcros2/install/arcros2/share/arcros2/assets
creating /workspaces/ros2_ws/src/arcros2/install/arcros2/share/arcros2/assets/meshes
copying assets/meshes/silicone_pad.stl -> /workspaces/ros2_ws/src/arcros2/install/arcros2/share/arcros2/assets/meshes
copying assets/meshes/follower.stl -> /workspaces/ros2_ws/src/arcros2/install/arcros2/share/arcros2/assets/meshes
copying assets/meshes/base_mount.stl -> /workspaces/ros2_ws/src/arcros2/install/arcros2/share/arcros2/assets/meshes
copying assets/meshes/link_1.stl -> /workspaces/ros2_ws/src/arcros2/install/arcros2/share/arcros2/assets/meshes
copying assets/meshes/link_6.stl -> /workspaces/ros2_ws/src/arcros2/install/arcros2/share/arcros2/assets/meshes
copying assets/meshes/spring_link.stl -> /workspaces/ros2_ws/src/arcros2/install/arcros2/share/arcros2/assets/meshes
copying assets/meshes/link_4.stl -> /workspaces/ros2_ws/src/arcros2/install/arcros2/share/arcros2/assets/meshes
copying assets/meshes/link_5.stl -> /workspaces/ros2_ws/src/arcros2/install/arcros2/share/arcros2/assets/meshes
copying assets/meshes/link_2.stl -> /workspaces/ros2_ws/src/arcros2/install/arcros2/share/arcros2/assets/meshes
copying assets/meshes/link_3.stl -> /workspaces/ros2_ws/src/arcros2/install/arcros2/share/arcros2/assets/meshes
copying assets/meshes/base.stl -> /workspaces/ros2_ws/src/arcros2/install/arcros2/share/arcros2/assets/meshes
copying assets/meshes/base_link.stl -> /workspaces/ros2_ws/src/arcros2/install/arcros2/share/arcros2/assets/meshes
copying assets/meshes/driver.stl -> /workspaces/ros2_ws/src/arcros2/install/arcros2/share/arcros2/assets/meshes
copying assets/meshes/link_7.stl -> /workspaces/ros2_ws/src/arcros2/install/arcros2/share/arcros2/assets/meshes
copying assets/meshes/coupler.stl -> /workspaces/ros2_ws/src/arcros2/install/arcros2/share/arcros2/assets/meshes
copying assets/meshes/pad.stl -> /workspaces/ros2_ws/src/arcros2/install/arcros2/share/arcros2/assets/meshes
running install_egg_info
Copying build/arcros2/arcros2.egg-info to /workspaces/ros2_ws/src/arcros2/install/arcros2/lib/python3.10/site-packages/arcros2-0.0.0-py3.10.egg-info
running install_scripts
Installing iiwajoco script to /workspaces/ros2_ws/src/arcros2/install/arcros2/lib/arcros2
Installing listener script to /workspaces/ros2_ws/src/arcros2/install/arcros2/lib/arcros2
writing list of installed files to '/workspaces/ros2_ws/src/arcros2/build/arcros2/install.log'
