[0.297s] Invoking command in '/workspaces/ros2_ws/src/arcros2': PYTHONPATH=/workspaces/ros2_ws/src/arcros2/build/arcros2/prefix_override:/workspaces/ros2_ws/src/arcros2/install/arcros2/lib/python3.10/site-packages:${PYTHONPATH} /usr/bin/python3 setup.py egg_info --egg-base build/arcros2 build --build-base /workspaces/ros2_ws/src/arcros2/build/arcros2/build install --record /workspaces/ros2_ws/src/arcros2/build/arcros2/install.log --single-version-externally-managed
[0.411s] running egg_info
[0.411s] creating build/arcros2/arcros2.egg-info
[0.411s] writing build/arcros2/arcros2.egg-info/PKG-INFO
[0.411s] writing dependency_links to build/arcros2/arcros2.egg-info/dependency_links.txt
[0.411s] writing entry points to build/arcros2/arcros2.egg-info/entry_points.txt
[0.411s] writing requirements to build/arcros2/arcros2.egg-info/requires.txt
[0.411s] writing top-level names to build/arcros2/arcros2.egg-info/top_level.txt
[0.411s] writing manifest file 'build/arcros2/arcros2.egg-info/SOURCES.txt'
[0.412s] reading manifest file 'build/arcros2/arcros2.egg-info/SOURCES.txt'
[0.412s] writing manifest file 'build/arcros2/arcros2.egg-info/SOURCES.txt'
[0.412s] running build
[0.412s] running build_py
[0.412s] creating /workspaces/ros2_ws/src/arcros2/build/arcros2/build
[0.413s] creating /workspaces/ros2_ws/src/arcros2/build/arcros2/build/lib
[0.413s] creating /workspaces/ros2_ws/src/arcros2/build/arcros2/build/lib/arcros2
[0.413s] copying arcros2/IiwaTeleopNode.py -> /workspaces/ros2_ws/src/arcros2/build/arcros2/build/lib/arcros2
[0.413s] copying arcros2/LinAxisArcNode.py -> /workspaces/ros2_ws/src/arcros2/build/arcros2/build/lib/arcros2
[0.413s] copying arcros2/iiwajoco.py -> /workspaces/ros2_ws/src/arcros2/build/arcros2/build/lib/arcros2
[0.413s] copying arcros2/__init__.py -> /workspaces/ros2_ws/src/arcros2/build/arcros2/build/lib/arcros2
[0.413s] copying arcros2/hello.py -> /workspaces/ros2_ws/src/arcros2/build/arcros2/build/lib/arcros2
[0.413s] copying arcros2/listener.py -> /workspaces/ros2_ws/src/arcros2/build/arcros2/build/lib/arcros2
[0.413s] copying arcros2/IiwaArcNode.py -> /workspaces/ros2_ws/src/arcros2/build/arcros2/build/lib/arcros2
[0.413s] running install
[0.413s] running install_lib
[0.413s] creating /workspaces/ros2_ws/src/arcros2/install/arcros2/lib/python3.10/site-packages/arcros2
[0.413s] copying /workspaces/ros2_ws/src/arcros2/build/arcros2/build/lib/arcros2/IiwaTeleopNode.py -> /workspaces/ros2_ws/src/arcros2/install/arcros2/lib/python3.10/site-packages/arcros2
[0.413s] copying /workspaces/ros2_ws/src/arcros2/build/arcros2/build/lib/arcros2/LinAxisArcNode.py -> /workspaces/ros2_ws/src/arcros2/install/arcros2/lib/python3.10/site-packages/arcros2
[0.413s] copying /workspaces/ros2_ws/src/arcros2/build/arcros2/build/lib/arcros2/iiwajoco.py -> /workspaces/ros2_ws/src/arcros2/install/arcros2/lib/python3.10/site-packages/arcros2
[0.413s] copying /workspaces/ros2_ws/src/arcros2/build/arcros2/build/lib/arcros2/__init__.py -> /workspaces/ros2_ws/src/arcros2/install/arcros2/lib/python3.10/site-packages/arcros2
[0.413s] copying /workspaces/ros2_ws/src/arcros2/build/arcros2/build/lib/arcros2/hello.py -> /workspaces/ros2_ws/src/arcros2/install/arcros2/lib/python3.10/site-packages/arcros2
[0.413s] copying /workspaces/ros2_ws/src/arcros2/build/arcros2/build/lib/arcros2/listener.py -> /workspaces/ros2_ws/src/arcros2/install/arcros2/lib/python3.10/site-packages/arcros2
[0.413s] copying /workspaces/ros2_ws/src/arcros2/build/arcros2/build/lib/arcros2/IiwaArcNode.py -> /workspaces/ros2_ws/src/arcros2/install/arcros2/lib/python3.10/site-packages/arcros2
[0.414s] byte-compiling /workspaces/ros2_ws/src/arcros2/install/arcros2/lib/python3.10/site-packages/arcros2/IiwaTeleopNode.py to IiwaTeleopNode.cpython-310.pyc
[0.414s] byte-compiling /workspaces/ros2_ws/src/arcros2/install/arcros2/lib/python3.10/site-packages/arcros2/LinAxisArcNode.py to LinAxisArcNode.cpython-310.pyc
[0.415s] byte-compiling /workspaces/ros2_ws/src/arcros2/install/arcros2/lib/python3.10/site-packages/arcros2/iiwajoco.py to iiwajoco.cpython-310.pyc
[0.415s] byte-compiling /workspaces/ros2_ws/src/arcros2/install/arcros2/lib/python3.10/site-packages/arcros2/__init__.py to __init__.cpython-310.pyc
[0.415s] byte-compiling /workspaces/ros2_ws/src/arcros2/install/arcros2/lib/python3.10/site-packages/arcros2/hello.py to hello.cpython-310.pyc
[0.415s] byte-compiling /workspaces/ros2_ws/src/arcros2/install/arcros2/lib/python3.10/site-packages/arcros2/listener.py to listener.cpython-310.pyc
[0.415s] byte-compiling /workspaces/ros2_ws/src/arcros2/install/arcros2/lib/python3.10/site-packages/arcros2/IiwaArcNode.py to IiwaArcNode.cpython-310.pyc
[0.416s] running install_data
[0.416s] creating /workspaces/ros2_ws/src/arcros2/install/arcros2/share/ament_index
[0.416s] creating /workspaces/ros2_ws/src/arcros2/install/arcros2/share/ament_index/resource_index
[0.416s] creating /workspaces/ros2_ws/src/arcros2/install/arcros2/share/ament_index/resource_index/packages
[0.416s] copying resource/arcros2 -> /workspaces/ros2_ws/src/arcros2/install/arcros2/share/ament_index/resource_index/packages
[0.416s] copying package.xml -> /workspaces/ros2_ws/src/arcros2/install/arcros2/share/arcros2
[0.416s] creating /workspaces/ros2_ws/src/arcros2/install/arcros2/share/arcros2/assets
[0.416s] copying assets/mj_shelf.xml -> /workspaces/ros2_ws/src/arcros2/install/arcros2/share/arcros2/assets
[0.416s] creating /workspaces/ros2_ws/src/arcros2/install/arcros2/share/arcros2/assets/meshes
[0.416s] copying assets/meshes/silicone_pad.stl -> /workspaces/ros2_ws/src/arcros2/install/arcros2/share/arcros2/assets/meshes
[0.416s] copying assets/meshes/follower.stl -> /workspaces/ros2_ws/src/arcros2/install/arcros2/share/arcros2/assets/meshes
[0.416s] copying assets/meshes/base_mount.stl -> /workspaces/ros2_ws/src/arcros2/install/arcros2/share/arcros2/assets/meshes
[0.417s] copying assets/meshes/link_1.stl -> /workspaces/ros2_ws/src/arcros2/install/arcros2/share/arcros2/assets/meshes
[0.417s] copying assets/meshes/link_6.stl -> /workspaces/ros2_ws/src/arcros2/install/arcros2/share/arcros2/assets/meshes
[0.417s] copying assets/meshes/spring_link.stl -> /workspaces/ros2_ws/src/arcros2/install/arcros2/share/arcros2/assets/meshes
[0.417s] copying assets/meshes/link_4.stl -> /workspaces/ros2_ws/src/arcros2/install/arcros2/share/arcros2/assets/meshes
[0.417s] copying assets/meshes/link_5.stl -> /workspaces/ros2_ws/src/arcros2/install/arcros2/share/arcros2/assets/meshes
[0.417s] copying assets/meshes/link_2.stl -> /workspaces/ros2_ws/src/arcros2/install/arcros2/share/arcros2/assets/meshes
[0.418s] copying assets/meshes/link_3.stl -> /workspaces/ros2_ws/src/arcros2/install/arcros2/share/arcros2/assets/meshes
[0.418s] copying assets/meshes/base.stl -> /workspaces/ros2_ws/src/arcros2/install/arcros2/share/arcros2/assets/meshes
[0.418s] copying assets/meshes/base_link.stl -> /workspaces/ros2_ws/src/arcros2/install/arcros2/share/arcros2/assets/meshes
[0.419s] copying assets/meshes/driver.stl -> /workspaces/ros2_ws/src/arcros2/install/arcros2/share/arcros2/assets/meshes
[0.419s] copying assets/meshes/link_7.stl -> /workspaces/ros2_ws/src/arcros2/install/arcros2/share/arcros2/assets/meshes
[0.420s] copying assets/meshes/coupler.stl -> /workspaces/ros2_ws/src/arcros2/install/arcros2/share/arcros2/assets/meshes
[0.420s] copying assets/meshes/pad.stl -> /workspaces/ros2_ws/src/arcros2/install/arcros2/share/arcros2/assets/meshes
[0.420s] running install_egg_info
[0.420s] Copying build/arcros2/arcros2.egg-info to /workspaces/ros2_ws/src/arcros2/install/arcros2/lib/python3.10/site-packages/arcros2-0.0.0-py3.10.egg-info
[0.421s] running install_scripts
[0.430s] Installing iiwajoco script to /workspaces/ros2_ws/src/arcros2/install/arcros2/lib/arcros2
[0.430s] Installing listener script to /workspaces/ros2_ws/src/arcros2/install/arcros2/lib/arcros2
[0.430s] writing list of installed files to '/workspaces/ros2_ws/src/arcros2/build/arcros2/install.log'
[0.441s] Invoked command in '/workspaces/ros2_ws/src/arcros2' returned '0': PYTHONPATH=/workspaces/ros2_ws/src/arcros2/build/arcros2/prefix_override:/workspaces/ros2_ws/src/arcros2/install/arcros2/lib/python3.10/site-packages:${PYTHONPATH} /usr/bin/python3 setup.py egg_info --egg-base build/arcros2 build --build-base /workspaces/ros2_ws/src/arcros2/build/arcros2/build install --record /workspaces/ros2_ws/src/arcros2/build/arcros2/install.log --single-version-externally-managed
