/workspaces/ros2_ws/src/arcros2/install/arcros2/lib/python3.10/site-packages/arcros2/IiwaTeleopNode.py
/workspaces/ros2_ws/src/arcros2/install/arcros2/lib/python3.10/site-packages/arcros2/LinAxisArcNode.py
/workspaces/ros2_ws/src/arcros2/install/arcros2/lib/python3.10/site-packages/arcros2/iiwajoco.py
/workspaces/ros2_ws/src/arcros2/install/arcros2/lib/python3.10/site-packages/arcros2/__init__.py
/workspaces/ros2_ws/src/arcros2/install/arcros2/lib/python3.10/site-packages/arcros2/hello.py
/workspaces/ros2_ws/src/arcros2/install/arcros2/lib/python3.10/site-packages/arcros2/listener.py
/workspaces/ros2_ws/src/arcros2/install/arcros2/lib/python3.10/site-packages/arcros2/IiwaArcNode.py
/workspaces/ros2_ws/src/arcros2/install/arcros2/lib/python3.10/site-packages/arcros2/__pycache__/IiwaTeleopNode.cpython-310.pyc
/workspaces/ros2_ws/src/arcros2/install/arcros2/lib/python3.10/site-packages/arcros2/__pycache__/LinAxisArcNode.cpython-310.pyc
/workspaces/ros2_ws/src/arcros2/install/arcros2/lib/python3.10/site-packages/arcros2/__pycache__/iiwajoco.cpython-310.pyc
/workspaces/ros2_ws/src/arcros2/install/arcros2/lib/python3.10/site-packages/arcros2/__pycache__/__init__.cpython-310.pyc
/workspaces/ros2_ws/src/arcros2/install/arcros2/lib/python3.10/site-packages/arcros2/__pycache__/hello.cpython-310.pyc
/workspaces/ros2_ws/src/arcros2/install/arcros2/lib/python3.10/site-packages/arcros2/__pycache__/listener.cpython-310.pyc
/workspaces/ros2_ws/src/arcros2/install/arcros2/lib/python3.10/site-packages/arcros2/__pycache__/IiwaArcNode.cpython-310.pyc
/workspaces/ros2_ws/src/arcros2/install/arcros2/share/ament_index/resource_index/packages/arcros2
/workspaces/ros2_ws/src/arcros2/install/arcros2/share/arcros2/package.xml
/workspaces/ros2_ws/src/arcros2/install/arcros2/share/arcros2/assets/mj_shelf.xml
/workspaces/ros2_ws/src/arcros2/install/arcros2/share/arcros2/assets/meshes/silicone_pad.stl
/workspaces/ros2_ws/src/arcros2/install/arcros2/share/arcros2/assets/meshes/follower.stl
/workspaces/ros2_ws/src/arcros2/install/arcros2/share/arcros2/assets/meshes/base_mount.stl
/workspaces/ros2_ws/src/arcros2/install/arcros2/share/arcros2/assets/meshes/link_1.stl
/workspaces/ros2_ws/src/arcros2/install/arcros2/share/arcros2/assets/meshes/link_6.stl
/workspaces/ros2_ws/src/arcros2/install/arcros2/share/arcros2/assets/meshes/spring_link.stl
/workspaces/ros2_ws/src/arcros2/install/arcros2/share/arcros2/assets/meshes/link_4.stl
/workspaces/ros2_ws/src/arcros2/install/arcros2/share/arcros2/assets/meshes/link_5.stl
/workspaces/ros2_ws/src/arcros2/install/arcros2/share/arcros2/assets/meshes/link_2.stl
/workspaces/ros2_ws/src/arcros2/install/arcros2/share/arcros2/assets/meshes/link_3.stl
/workspaces/ros2_ws/src/arcros2/install/arcros2/share/arcros2/assets/meshes/base.stl
/workspaces/ros2_ws/src/arcros2/install/arcros2/share/arcros2/assets/meshes/base_link.stl
/workspaces/ros2_ws/src/arcros2/install/arcros2/share/arcros2/assets/meshes/driver.stl
/workspaces/ros2_ws/src/arcros2/install/arcros2/share/arcros2/assets/meshes/link_7.stl
/workspaces/ros2_ws/src/arcros2/install/arcros2/share/arcros2/assets/meshes/coupler.stl
/workspaces/ros2_ws/src/arcros2/install/arcros2/share/arcros2/assets/meshes/pad.stl
/workspaces/ros2_ws/src/arcros2/install/arcros2/lib/python3.10/site-packages/arcros2-0.0.0-py3.10.egg-info/PKG-INFO
/workspaces/ros2_ws/src/arcros2/install/arcros2/lib/python3.10/site-packages/arcros2-0.0.0-py3.10.egg-info/SOURCES.txt
/workspaces/ros2_ws/src/arcros2/install/arcros2/lib/python3.10/site-packages/arcros2-0.0.0-py3.10.egg-info/zip-safe
/workspaces/ros2_ws/src/arcros2/install/arcros2/lib/python3.10/site-packages/arcros2-0.0.0-py3.10.egg-info/entry_points.txt
/workspaces/ros2_ws/src/arcros2/install/arcros2/lib/python3.10/site-packages/arcros2-0.0.0-py3.10.egg-info/requires.txt
/workspaces/ros2_ws/src/arcros2/install/arcros2/lib/python3.10/site-packages/arcros2-0.0.0-py3.10.egg-info/top_level.txt
/workspaces/ros2_ws/src/arcros2/install/arcros2/lib/python3.10/site-packages/arcros2-0.0.0-py3.10.egg-info/dependency_links.txt
/workspaces/ros2_ws/src/arcros2/install/arcros2/lib/arcros2/iiwajoco
/workspaces/ros2_ws/src/arcros2/install/arcros2/lib/arcros2/listener
