[0.154s] DEBUG:colcon:Command line arguments: ['/usr/bin/colcon', 'build']
[0.154s] DEBUG:colcon:Parsed command line arguments: Namespace(log_base=None, log_level=None, verb_name='build', build_base='build', install_base='install', merge_install=False, symlink_install=False, test_result_base=None, continue_on_error=False, executor='parallel', parallel_workers=24, event_handlers=None, ignore_user_meta=False, metas=['./colcon.meta'], base_paths=['.'], packages_ignore=None, packages_ignore_regex=None, paths=None, packages_up_to=None, packages_up_to_regex=None, packages_above=None, packages_above_and_dependencies=None, packages_above_depth=None, packages_select_by_dep=None, packages_skip_by_dep=None, packages_skip_up_to=None, packages_select_build_failed=False, packages_skip_build_finished=False, packages_select_test_failures=False, packages_skip_test_passed=False, packages_select=None, packages_skip=None, packages_select_regex=None, packages_skip_regex=None, packages_start=None, packages_end=None, cmake_args=None, cmake_target=None, cmake_target_skip_unavailable=False, cmake_clean_cache=False, cmake_clean_first=False, cmake_force_configure=False, ament_cmake_args=None, catkin_cmake_args=None, catkin_skip_building_tests=False, mixin_files=None, mixin=None, verb_parser=<colcon_mixin.mixin.mixin_argument.MixinArgumentDecorator object at 0x7fc457a38e20>, verb_extension=<colcon_core.verb.build.BuildVerb object at 0x7fc457a38790>, main=<bound method BuildVerb.main of <colcon_core.verb.build.BuildVerb object at 0x7fc457a38790>>, mixin_verb=('build',))
[0.166s] Level 1:colcon.colcon_core.package_discovery:discover_packages(colcon_meta) check parameters
[0.166s] Level 1:colcon.colcon_core.package_discovery:discover_packages(recursive) check parameters
[0.166s] Level 1:colcon.colcon_core.package_discovery:discover_packages(ignore) check parameters
[0.166s] Level 1:colcon.colcon_core.package_discovery:discover_packages(path) check parameters
[0.166s] Level 1:colcon.colcon_core.package_discovery:discover_packages(colcon_meta) discover
[0.166s] Level 1:colcon.colcon_core.package_discovery:discover_packages(recursive) discover
[0.166s] INFO:colcon.colcon_core.package_discovery:Crawling recursively for packages in '/workspaces/ros2_ws/src/arcros2'
[0.166s] Level 1:colcon.colcon_core.package_identification:_identify(.) by extensions ['ignore', 'ignore_ament_install']
[0.166s] Level 1:colcon.colcon_core.package_identification:_identify(.) by extension 'ignore'
[0.166s] Level 1:colcon.colcon_core.package_identification:_identify(.) by extension 'ignore_ament_install'
[0.166s] Level 1:colcon.colcon_core.package_identification:_identify(.) by extensions ['colcon_pkg']
[0.166s] Level 1:colcon.colcon_core.package_identification:_identify(.) by extension 'colcon_pkg'
[0.166s] Level 1:colcon.colcon_core.package_identification:_identify(.) by extensions ['colcon_meta']
[0.166s] Level 1:colcon.colcon_core.package_identification:_identify(.) by extension 'colcon_meta'
[0.166s] Level 1:colcon.colcon_core.package_identification:_identify(.) by extensions ['ros']
[0.166s] Level 1:colcon.colcon_core.package_identification:_identify(.) by extension 'ros'
[0.172s] DEBUG:colcon.colcon_core.package_identification:Package '.' with type 'ros.ament_python' and name 'arcros2'
[0.172s] Level 1:colcon.colcon_core.package_discovery:discover_packages(recursive) using defaults
[0.172s] Level 1:colcon.colcon_core.package_discovery:discover_packages(ignore) discover
[0.172s] Level 1:colcon.colcon_core.package_discovery:discover_packages(ignore) using defaults
[0.172s] Level 1:colcon.colcon_core.package_discovery:discover_packages(path) discover
[0.172s] Level 1:colcon.colcon_core.package_discovery:discover_packages(path) using defaults
[0.183s] Level 5:colcon.colcon_core.verb:set package 'arcros2' build argument 'cmake_args' from command line to 'None'
[0.183s] Level 5:colcon.colcon_core.verb:set package 'arcros2' build argument 'cmake_target' from command line to 'None'
[0.183s] Level 5:colcon.colcon_core.verb:set package 'arcros2' build argument 'cmake_target_skip_unavailable' from command line to 'False'
[0.183s] Level 5:colcon.colcon_core.verb:set package 'arcros2' build argument 'cmake_clean_cache' from command line to 'False'
[0.183s] Level 5:colcon.colcon_core.verb:set package 'arcros2' build argument 'cmake_clean_first' from command line to 'False'
[0.183s] Level 5:colcon.colcon_core.verb:set package 'arcros2' build argument 'cmake_force_configure' from command line to 'False'
[0.183s] Level 5:colcon.colcon_core.verb:set package 'arcros2' build argument 'ament_cmake_args' from command line to 'None'
[0.183s] Level 5:colcon.colcon_core.verb:set package 'arcros2' build argument 'catkin_cmake_args' from command line to 'None'
[0.183s] Level 5:colcon.colcon_core.verb:set package 'arcros2' build argument 'catkin_skip_building_tests' from command line to 'False'
[0.183s] DEBUG:colcon.colcon_core.verb:Building package 'arcros2' with the following arguments: {'ament_cmake_args': None, 'build_base': '/workspaces/ros2_ws/src/arcros2/build/arcros2', 'catkin_cmake_args': None, 'catkin_skip_building_tests': False, 'cmake_args': None, 'cmake_clean_cache': False, 'cmake_clean_first': False, 'cmake_force_configure': False, 'cmake_target': None, 'cmake_target_skip_unavailable': False, 'install_base': '/workspaces/ros2_ws/src/arcros2/install/arcros2', 'merge_install': False, 'path': '/workspaces/ros2_ws/src/arcros2', 'symlink_install': False, 'test_result_base': None}
[0.184s] INFO:colcon.colcon_core.executor:Executing jobs using 'parallel' executor
[0.185s] DEBUG:colcon.colcon_parallel_executor.executor.parallel:run_until_complete
[0.185s] INFO:colcon.colcon_ros.task.ament_python.build:Building ROS package in '/workspaces/ros2_ws/src/arcros2' with build type 'ament_python'
[0.185s] Level 1:colcon.colcon_core.shell:create_environment_hook('arcros2', 'ament_prefix_path')
[0.187s] INFO:colcon.colcon_core.plugin_system:Skipping extension 'colcon_core.shell.bat': Not used on non-Windows systems
[0.187s] INFO:colcon.colcon_core.shell:Creating environment hook '/workspaces/ros2_ws/src/arcros2/install/arcros2/share/arcros2/hook/ament_prefix_path.ps1'
[0.188s] INFO:colcon.colcon_core.shell:Creating environment descriptor '/workspaces/ros2_ws/src/arcros2/install/arcros2/share/arcros2/hook/ament_prefix_path.dsv'
[0.188s] INFO:colcon.colcon_core.shell:Creating environment hook '/workspaces/ros2_ws/src/arcros2/install/arcros2/share/arcros2/hook/ament_prefix_path.sh'
[0.189s] INFO:colcon.colcon_core.shell:Skip shell extension 'powershell' for command environment: Not usable outside of PowerShell
[0.189s] DEBUG:colcon.colcon_core.shell:Skip shell extension 'dsv' for command environment
[0.313s] INFO:colcon.colcon_core.task.python.build:Building Python package in '/workspaces/ros2_ws/src/arcros2'
[0.314s] INFO:colcon.colcon_core.shell:Skip shell extension 'powershell' for command environment: Not usable outside of PowerShell
[0.314s] DEBUG:colcon.colcon_core.shell:Skip shell extension 'dsv' for command environment
[0.483s] DEBUG:colcon.colcon_core.event_handler.log_command:Invoking command in '/workspaces/ros2_ws/src/arcros2': PYTHONPATH=/workspaces/ros2_ws/src/arcros2/build/arcros2/prefix_override:/workspaces/ros2_ws/src/arcros2/install/arcros2/lib/python3.10/site-packages:${PYTHONPATH} /usr/bin/python3 setup.py egg_info --egg-base build/arcros2 build --build-base /workspaces/ros2_ws/src/arcros2/build/arcros2/build install --record /workspaces/ros2_ws/src/arcros2/build/arcros2/install.log --single-version-externally-managed
[0.627s] DEBUG:colcon.colcon_core.event_handler.log_command:Invoked command in '/workspaces/ros2_ws/src/arcros2' returned '0': PYTHONPATH=/workspaces/ros2_ws/src/arcros2/build/arcros2/prefix_override:/workspaces/ros2_ws/src/arcros2/install/arcros2/lib/python3.10/site-packages:${PYTHONPATH} /usr/bin/python3 setup.py egg_info --egg-base build/arcros2 build --build-base /workspaces/ros2_ws/src/arcros2/build/arcros2/build install --record /workspaces/ros2_ws/src/arcros2/build/arcros2/install.log --single-version-externally-managed
[0.629s] Level 1:colcon.colcon_core.environment:checking '/workspaces/ros2_ws/src/arcros2/install/arcros2' for CMake module files
[0.629s] Level 1:colcon.colcon_core.environment:checking '/workspaces/ros2_ws/src/arcros2/install/arcros2' for CMake config files
[0.630s] Level 1:colcon.colcon_core.environment:checking '/workspaces/ros2_ws/src/arcros2/install/arcros2/lib'
[0.630s] Level 1:colcon.colcon_core.environment:checking '/workspaces/ros2_ws/src/arcros2/install/arcros2/bin'
[0.630s] Level 1:colcon.colcon_core.environment:checking '/workspaces/ros2_ws/src/arcros2/install/arcros2/lib/pkgconfig/arcros2.pc'
[0.630s] Level 1:colcon.colcon_core.environment:checking '/workspaces/ros2_ws/src/arcros2/install/arcros2/lib/python3.10/site-packages'
[0.630s] Level 1:colcon.colcon_core.shell:create_environment_hook('arcros2', 'pythonpath')
[0.631s] INFO:colcon.colcon_core.shell:Creating environment hook '/workspaces/ros2_ws/src/arcros2/install/arcros2/share/arcros2/hook/pythonpath.ps1'
[0.631s] INFO:colcon.colcon_core.shell:Creating environment descriptor '/workspaces/ros2_ws/src/arcros2/install/arcros2/share/arcros2/hook/pythonpath.dsv'
[0.631s] INFO:colcon.colcon_core.shell:Creating environment hook '/workspaces/ros2_ws/src/arcros2/install/arcros2/share/arcros2/hook/pythonpath.sh'
[0.631s] Level 1:colcon.colcon_core.environment:checking '/workspaces/ros2_ws/src/arcros2/install/arcros2/bin'
[0.631s] Level 1:colcon.colcon_core.environment:create_environment_scripts_only(arcros2)
[0.632s] INFO:colcon.colcon_core.shell:Creating package script '/workspaces/ros2_ws/src/arcros2/install/arcros2/share/arcros2/package.ps1'
[0.632s] INFO:colcon.colcon_core.shell:Creating package descriptor '/workspaces/ros2_ws/src/arcros2/install/arcros2/share/arcros2/package.dsv'
[0.632s] INFO:colcon.colcon_core.shell:Creating package script '/workspaces/ros2_ws/src/arcros2/install/arcros2/share/arcros2/package.sh'
[0.633s] INFO:colcon.colcon_core.shell:Creating package script '/workspaces/ros2_ws/src/arcros2/install/arcros2/share/arcros2/package.bash'
[0.633s] INFO:colcon.colcon_core.shell:Creating package script '/workspaces/ros2_ws/src/arcros2/install/arcros2/share/arcros2/package.zsh'
[0.633s] Level 1:colcon.colcon_core.environment:create_file_with_runtime_dependencies(/workspaces/ros2_ws/src/arcros2/install/arcros2/share/colcon-core/packages/arcros2)
[0.633s] DEBUG:colcon.colcon_parallel_executor.executor.parallel:closing loop
[0.633s] DEBUG:colcon.colcon_parallel_executor.executor.parallel:loop closed
[0.633s] DEBUG:colcon.colcon_parallel_executor.executor.parallel:run_until_complete finished with '0'
[0.633s] DEBUG:colcon.colcon_core.event_reactor:joining thread
[0.636s] INFO:colcon.colcon_core.plugin_system:Skipping extension 'colcon_notification.desktop_notification.terminal_notifier': Not used on non-Darwin systems
[0.636s] INFO:colcon.colcon_core.plugin_system:Skipping extension 'colcon_notification.desktop_notification.win32': Not used on non-Windows systems
[0.636s] INFO:colcon.colcon_notification.desktop_notification:Sending desktop notification using 'notify2'
[0.637s] DEBUG:colcon.colcon_notification.desktop_notification.notify2:Failed to initialize notify2: org.freedesktop.DBus.Error.Spawn.ExecFailed: /usr/bin/dbus-launch terminated abnormally without any error message
[0.638s] DEBUG:colcon.colcon_core.event_reactor:joined thread
[0.638s] INFO:colcon.colcon_core.shell:Creating prefix script '/workspaces/ros2_ws/src/arcros2/install/local_setup.ps1'
[0.639s] INFO:colcon.colcon_core.shell:Creating prefix util module '/workspaces/ros2_ws/src/arcros2/install/_local_setup_util_ps1.py'
[0.639s] INFO:colcon.colcon_core.shell:Creating prefix chain script '/workspaces/ros2_ws/src/arcros2/install/setup.ps1'
[0.640s] INFO:colcon.colcon_core.shell:Creating prefix script '/workspaces/ros2_ws/src/arcros2/install/local_setup.sh'
[0.640s] INFO:colcon.colcon_core.shell:Creating prefix util module '/workspaces/ros2_ws/src/arcros2/install/_local_setup_util_sh.py'
[0.641s] INFO:colcon.colcon_core.shell:Creating prefix chain script '/workspaces/ros2_ws/src/arcros2/install/setup.sh'
[0.641s] INFO:colcon.colcon_core.shell:Creating prefix script '/workspaces/ros2_ws/src/arcros2/install/local_setup.bash'
[0.641s] INFO:colcon.colcon_core.shell:Creating prefix chain script '/workspaces/ros2_ws/src/arcros2/install/setup.bash'
[0.642s] INFO:colcon.colcon_core.shell:Creating prefix script '/workspaces/ros2_ws/src/arcros2/install/local_setup.zsh'
[0.642s] INFO:colcon.colcon_core.shell:Creating prefix chain script '/workspaces/ros2_ws/src/arcros2/install/setup.zsh'
